\BOOKMARK [0][-]{chapter*.2}{Tasks of the Treasurer}{}% 1
\BOOKMARK [1][-]{section.1.1}{Make financial reports}{chapter*.2}% 2
\BOOKMARK [2][-]{subsection.1.1.1}{Budget}{section.1.1}% 3
\BOOKMARK [2][-]{subsection.1.1.2}{Half year financial report}{section.1.1}% 4
\BOOKMARK [2][-]{subsection.1.1.3}{Whole year financial report}{section.1.1}% 5
\BOOKMARK [2][-]{subsection.1.1.4}{Minor financial reports}{section.1.1}% 6
\BOOKMARK [1][-]{section.1.2}{Instruct and guide the committee treasurers}{chapter*.2}% 7
\BOOKMARK [2][-]{subsection.1.2.1}{Give instruction to how to be a treasurer}{section.1.2}% 8
\BOOKMARK [2][-]{subsection.1.2.2}{Review budget}{section.1.2}% 9
\BOOKMARK [2][-]{subsection.1.2.3}{Review financial report}{section.1.2}% 10
\BOOKMARK [1][-]{section.1.3}{Maintain the money flows}{chapter*.2}% 11
\BOOKMARK [2][-]{subsection.1.3.1}{Creditor}{section.1.3}% 12
\BOOKMARK [2][-]{subsection.1.3.2}{Debtor}{section.1.3}% 13
\BOOKMARK [2][-]{subsection.1.3.3}{Cash}{section.1.3}% 14
\BOOKMARK [2][-]{subsection.1.3.4}{Journal Entry}{section.1.3}% 15
\BOOKMARK [1][-]{section.1.4}{Buy and sell products for Abacus}{chapter*.2}% 16
\BOOKMARK [2][-]{subsection.1.4.1}{Food}{section.1.4}% 17
\BOOKMARK [2][-]{subsection.1.4.2}{Drinks}{section.1.4}% 18
\BOOKMARK [2][-]{subsection.1.4.3}{Stock}{section.1.4}% 19
\BOOKMARK [1][-]{section.1.5}{Images}{chapter*.2}% 20
\BOOKMARK [0][-]{chapter*.11}{Multivers}{}% 21
\BOOKMARK [1][-]{section.2.1}{Creditors, Debtors and Declarations}{chapter*.11}% 22
\BOOKMARK [1][-]{section.2.2}{Waste-book/Memorial}{chapter*.11}% 23
\BOOKMARK [1][-]{section.2.3}{Ledger/Cash book}{chapter*.11}% 24
\BOOKMARK [1][-]{section.2.4}{Bankbook}{chapter*.11}% 25
\BOOKMARK [1][-]{section.2.5}{Balance sheet}{chapter*.11}% 26
\BOOKMARK [1][-]{section.2.6}{Back-up}{chapter*.11}% 27
\BOOKMARK [0][-]{chapter*.12}{Appendix}{}% 28
\BOOKMARK [1][-]{section.3.1}{Terminology}{chapter*.12}% 29
\BOOKMARK [2][-]{subsection.3.1.1}{Boekhouding}{section.3.1}% 30
\BOOKMARK [2][-]{subsection.3.1.2}{Invoice}{section.3.1}% 31
\BOOKMARK [2][-]{subsection.3.1.3}{Proposal}{section.3.1}% 32
\BOOKMARK [2][-]{subsection.3.1.4}{Declaration}{section.3.1}% 33
\BOOKMARK [2][-]{subsection.3.1.5}{Debtor}{section.3.1}% 34
\BOOKMARK [2][-]{subsection.3.1.6}{Storage}{section.3.1}% 35
\BOOKMARK [2][-]{subsection.3.1.7}{Current assets}{section.3.1}% 36
\BOOKMARK [2][-]{subsection.3.1.8}{Cash}{section.3.1}% 37
\BOOKMARK [2][-]{subsection.3.1.9}{Equity capital}{section.3.1}% 38
\BOOKMARK [2][-]{subsection.3.1.10}{Provisions}{section.3.1}% 39
\BOOKMARK [2][-]{subsection.3.1.11}{Creditor}{section.3.1}% 40
\BOOKMARK [2][-]{subsection.3.1.12}{Post}{section.3.1}% 41
\BOOKMARK [2][-]{subsection.3.1.13}{Liquidity}{section.3.1}% 42
\BOOKMARK [1][-]{section.3.2}{Posts}{chapter*.12}% 43
\BOOKMARK [2][-]{subsection.3.2.1}{Room}{section.3.2}% 44
\BOOKMARK [2][-]{subsection.3.2.2}{Board}{section.3.2}% 45
\BOOKMARK [2][-]{subsection.3.2.3}{Association}{section.3.2}% 46
\BOOKMARK [2][-]{subsection.3.2.4}{Financial policy}{section.3.2}% 47
\BOOKMARK [2][-]{subsection.3.2.5}{Sales}{section.3.2}% 48
\BOOKMARK [2][-]{subsection.3.2.6}{Activities}{section.3.2}% 49
\BOOKMARK [2][-]{subsection.3.2.7}{Association printed matter}{section.3.2}% 50
\BOOKMARK [2][-]{subsection.3.2.8}{Drink}{section.3.2}% 51
\BOOKMARK [2][-]{subsection.3.2.9}{Active Member}{section.3.2}% 52
\BOOKMARK [2][-]{subsection.3.2.10}{Sponsoring}{section.3.2}% 53
\BOOKMARK [2][-]{subsection.3.2.11}{Faculty}{section.3.2}% 54
\BOOKMARK [2][-]{subsection.3.2.12}{New initiatives}{section.3.2}% 55
\BOOKMARK [2][-]{subsection.3.2.13}{Contingencies}{section.3.2}% 56
\BOOKMARK [1][-]{section.3.3}{Incasso}{chapter*.12}% 57
\BOOKMARK [2][-]{subsection.3.3.1}{First and recurrent direct withdrawals}{section.3.3}% 58
\BOOKMARK [2][-]{subsection.3.3.2}{Place a direct withdrawals order}{section.3.3}% 59
\BOOKMARK [1][-]{section.3.4}{Website}{chapter*.12}% 60
\BOOKMARK [2][-]{subsection.3.4.1}{Track and archive direct withdrawal state}{section.3.4}% 61
\BOOKMARK [2][-]{subsection.3.4.2}{Create a direct withdrawal order}{section.3.4}% 62
\BOOKMARK [2][-]{subsection.3.4.3}{Send mail for direct withdrawal}{section.3.4}% 63
\BOOKMARK [1][-]{section.3.5}{Multivers}{chapter*.12}% 64
\BOOKMARK [1][-]{section.3.6}{Troubleshoot}{chapter*.12}% 65
\BOOKMARK [2][-]{subsection.3.6.1}{Send an erroneous invoice}{section.3.6}% 66
\BOOKMARK [2][-]{subsection.3.6.2}{Overdue payment}{section.3.6}% 67
\BOOKMARK [2][-]{subsection.3.6.3}{Refusal to pay}{section.3.6}% 68
\BOOKMARK [2][-]{subsection.3.6.4}{Blocked direct withdrawal}{section.3.6}% 69
\BOOKMARK [1][-]{section.3.7}{Best practices}{chapter*.12}% 70
\BOOKMARK [2][-]{subsection.3.7.1}{Naming conventions}{section.3.7}% 71
\BOOKMARK [2][-]{subsection.3.7.2}{Ordering multivers}{section.3.7}% 72
\BOOKMARK [2][-]{subsection.3.7.3}{Regular actions}{section.3.7}% 73
\BOOKMARK [2][-]{subsection.3.7.4}{Accepting stuff}{section.3.7}% 74
\BOOKMARK [1][-]{section.3.8}{Auditing committee}{chapter*.12}% 75
\BOOKMARK [2][-]{subsection.3.8.1}{Kascosheet}{section.3.8}% 76
\BOOKMARK [2][-]{subsection.3.8.2}{Documents to deliver on auditing session}{section.3.8}% 77
\BOOKMARK [2][-]{subsection.3.8.3}{Documents that need auditing}{section.3.8}% 78
\BOOKMARK [1][-]{section.3.9}{Archive}{chapter*.12}% 79
\BOOKMARK [1][-]{section.3.10}{Glossary}{chapter*.12}% 80
